#
# There is insufficient memory for the Java Runtime Environment to continue.
# Native memory allocation (mmap) failed to map 132120576 bytes for G1 virtual space
# Possible reasons:
#   The system is out of physical RAM or swap space
#   The process is running with CompressedOops enabled, and the Java Heap may be blocking the growth of the native heap
# Possible solutions:
#   Reduce memory load on the system
#   Increase physical memory or swap space
#   Check if swap backing store is full
#   Decrease Java heap size (-Xmx/-Xms)
#   Decrease number of Java threads
#   Decrease Java thread stack sizes (-Xss)
#   Set larger code cache with -XX:ReservedCodeCacheSize=
#   JVM is running with Unscaled Compressed Oops mode in which the Java heap is
#     placed in the first 4GB address space. The Java Heap base address is the
#     maximum limit for the native heap growth. Please use -XX:HeapBaseMinAddress
#     to set the Java Heap base and to place the Java Heap above 4GB virtual address.
# This output file may be truncated or incomplete.
#
#  Out of Memory Error (os_windows.cpp:3753), pid=24692, tid=2372
#
# JRE version:  (17.0.4+7) (build )
# Java VM: OpenJDK 64-Bit Server VM (17.0.4+7-b469.53, mixed mode, sharing, tiered, compressed oops, compressed class ptrs, g1 gc, windows-amd64)
# No core dump will be written. Minidumps are not enabled by default on client versions of Windows
#

---------------  S U M M A R Y ------------

Command Line: git4idea.http.GitAskPassApp Username for 'https://github.com': 

Host: 11th Gen Intel(R) Core(TM) i5-1135G7 @ 2.40GHz, 8 cores, 7G,  Windows 10 , 64 bit Build 19041 (10.0.19041.2364)
Time: Sun Feb 26 16:07:51 2023  Windows 10 , 64 bit Build 19041 (10.0.19041.2364) elapsed time: 0.122220 seconds (0d 0h 0m 0s)

---------------  T H R E A D  ---------------

Current thread (0x000002489a552980):  JavaThread "Unknown thread" [_thread_in_vm, id=2372, stack(0x0000005f47f00000,0x0000005f48000000)]

Stack: [0x0000005f47f00000,0x0000005f48000000]
Native frames: (J=compiled Java code, j=interpreted, Vv=VM code, C=native code)
V  [jvm.dll+0x68348a]
V  [jvm.dll+0x83faf4]
V  [jvm.dll+0x84129e]
V  [jvm.dll+0x841903]
V  [jvm.dll+0x2494a5]
V  [jvm.dll+0x680359]
V  [jvm.dll+0x67499a]
V  [jvm.dll+0x3092db]
V  [jvm.dll+0x310796]
V  [jvm.dll+0x36077e]
V  [jvm.dll+0x3609af]
V  [jvm.dll+0x2df3c8]
V  [jvm.dll+0x2e0334]
V  [jvm.dll+0x8112e1]
V  [jvm.dll+0x36e5d1]
V  [jvm.dll+0x7f06bc]
V  [jvm.dll+0x3f16ef]
V  [jvm.dll+0x3f3231]
C  [jli.dll+0x526b]
C  [ucrtbase.dll+0x21bb2]
C  [KERNEL32.DLL+0x17614]
C  [ntdll.dll+0x526a1]


---------------  P R O C E S S  ---------------

Threads class SMR info:
_java_thread_list=0x00007ffb5e5e7f18, length=0, elements={
}

Java Threads: ( => current thread )

Other Threads:
  0x000002489a5b0bb0 GCTaskThread "GC Thread#0" [stack: 0x0000005f48000000,0x0000005f48100000] [id=11684]
  0x000002489a5c14b0 ConcurrentGCThread "G1 Main Marker" [stack: 0x0000005f48100000,0x0000005f48200000] [id=9596]
  0x000002489a5c1ec0 ConcurrentGCThread "G1 Conc#0" [stack: 0x0000005f48200000,0x0000005f48300000] [id=15876]

[error occurred during error reporting (printing all threads), id 0xc0000005, EXCEPTION_ACCESS_VIOLATION (0xc0000005) at pc=0x00007ffb5dd9ff87]

VM state: not at safepoint (not fully initialized)

VM Mutex/Monitor currently owned by a thread:  ([mutex/lock_event])
[0x000002489a54ea50] Heap_lock - owner thread: 0x000002489a552980

Heap address: 0x0000000083200000, size: 1998 MB, Compressed Oops mode: 32-bit

CDS archive(s) mapped at: [0x0000000000000000-0x0000000000000000-0x0000000000000000), size 0, SharedBaseAddress: 0x0000000800000000, ArchiveRelocationMode: 0.
Narrow klass base: 0x0000000000000000, Narrow klass shift: 0, Narrow klass range: 0x0

GC Precious Log:
<Empty>

Heap:
 garbage-first heap   total 0K, used 0K [0x0000000083200000, 0x0000000100000000)
  region size 1024K, 0 young (0K), 0 survivors (0K)

[error occurred during error reporting (printing heap information), id 0xc0000005, EXCEPTION_ACCESS_VIOLATION (0xc0000005) at pc=0x00007ffb5e18d119]

GC Heap History (0 events):
No events

Deoptimization events (0 events):
No events

Classes unloaded (0 events):
No events

Classes redefined (0 events):
No events

Internal exceptions (0 events):
No events

VM Operations (0 events):
No events

Events (1 events):
Event: 0.102 Loaded shared library C:\Users\Win10\AppData\Local\JetBrains\IntelliJ IDEA Community Edition 2022.2.2\jbr\bin\java.dll


Dynamic libraries:
0x00007ff6bd770000 - 0x00007ff6bd77a000 	C:\Users\Win10\AppData\Local\JetBrains\IntelliJ IDEA Community Edition 2022.2.2\jbr\bin\java.exe
0x00007ffb81050000 - 0x00007ffb81248000 	C:\WINDOWS\SYSTEM32\ntdll.dll
0x00007ffb80240000 - 0x00007ffb802ff000 	C:\WINDOWS\System32\KERNEL32.DLL
0x00007ffb7ec30000 - 0x00007ffb7ef02000 	C:\WINDOWS\System32\KERNELBASE.dll
0x00007ffb7e740000 - 0x00007ffb7e840000 	C:\WINDOWS\System32\ucrtbase.dll
0x00007ffb667a0000 - 0x00007ffb667b7000 	C:\Users\Win10\AppData\Local\JetBrains\IntelliJ IDEA Community Edition 2022.2.2\jbr\bin\jli.dll
0x00007ffb80360000 - 0x00007ffb80501000 	C:\WINDOWS\System32\USER32.dll
0x00007ffb7eb90000 - 0x00007ffb7ebb2000 	C:\WINDOWS\System32\win32u.dll
0x00007ffb7f090000 - 0x00007ffb7f0bb000 	C:\WINDOWS\System32\GDI32.dll
0x00007ffb7ea80000 - 0x00007ffb7eb8f000 	C:\WINDOWS\System32\gdi32full.dll
0x00007ffb6bbe0000 - 0x00007ffb6be7a000 	C:\WINDOWS\WinSxS\amd64_microsoft.windows.common-controls_6595b64144ccf1df_6.0.19041.1110_none_60b5254171f9507e\COMCTL32.dll
0x00007ffb7eff0000 - 0x00007ffb7f08d000 	C:\WINDOWS\System32\msvcp_win.dll
0x00007ffb800a0000 - 0x00007ffb8013e000 	C:\WINDOWS\System32\msvcrt.dll
0x00007ffb66750000 - 0x00007ffb6676b000 	C:\Users\Win10\AppData\Local\JetBrains\IntelliJ IDEA Community Edition 2022.2.2\jbr\bin\VCRUNTIME140.dll
0x00007ffb80150000 - 0x00007ffb80182000 	C:\WINDOWS\System32\IMM32.DLL
0x00007ffb78950000 - 0x00007ffb7895c000 	C:\Users\Win10\AppData\Local\JetBrains\IntelliJ IDEA Community Edition 2022.2.2\jbr\bin\vcruntime140_1.dll
0x00007ffb568b0000 - 0x00007ffb5693d000 	C:\Users\Win10\AppData\Local\JetBrains\IntelliJ IDEA Community Edition 2022.2.2\jbr\bin\msvcp140.dll
0x00007ffb5dab0000 - 0x00007ffb5e719000 	C:\Users\Win10\AppData\Local\JetBrains\IntelliJ IDEA Community Edition 2022.2.2\jbr\bin\server\jvm.dll
0x00007ffb80510000 - 0x00007ffb805be000 	C:\WINDOWS\System32\ADVAPI32.dll
0x00007ffb7fa60000 - 0x00007ffb7fafc000 	C:\WINDOWS\System32\sechost.dll
0x00007ffb80d20000 - 0x00007ffb80e45000 	C:\WINDOWS\System32\RPCRT4.dll
0x00007ffb77b90000 - 0x00007ffb77b9a000 	C:\WINDOWS\SYSTEM32\VERSION.dll
0x00007ffb805c0000 - 0x00007ffb805c8000 	C:\WINDOWS\System32\PSAPI.DLL
0x00007ffb73ef0000 - 0x00007ffb73f17000 	C:\WINDOWS\SYSTEM32\WINMM.dll
0x00007ffb78f20000 - 0x00007ffb78f29000 	C:\WINDOWS\SYSTEM32\WSOCK32.dll
0x00007ffb7fbd0000 - 0x00007ffb7fc3b000 	C:\WINDOWS\System32\ws2_32.DLL
0x00007ffb7cf90000 - 0x00007ffb7cfa2000 	C:\WINDOWS\SYSTEM32\kernel.appcore.dll
0x00007ffb78bb0000 - 0x00007ffb78bba000 	C:\Users\Win10\AppData\Local\JetBrains\IntelliJ IDEA Community Edition 2022.2.2\jbr\bin\jimage.dll
0x00007ffb7c4e0000 - 0x00007ffb7c6c4000 	C:\WINDOWS\SYSTEM32\DBGHELP.DLL
0x00007ffb761f0000 - 0x00007ffb76225000 	C:\WINDOWS\SYSTEM32\dbgcore.DLL
0x00007ffb7e9a0000 - 0x00007ffb7ea22000 	C:\WINDOWS\System32\bcryptPrimitives.dll
0x00007ffb77a60000 - 0x00007ffb77a85000 	C:\Users\Win10\AppData\Local\JetBrains\IntelliJ IDEA Community Edition 2022.2.2\jbr\bin\java.dll

dbghelp: loaded successfully - version: 4.0.5 - missing functions: none
symbol engine: initialized successfully - sym options: 0x614 - pdb path: .;C:\Users\Win10\AppData\Local\JetBrains\IntelliJ IDEA Community Edition 2022.2.2\jbr\bin;C:\WINDOWS\SYSTEM32;C:\WINDOWS\WinSxS\amd64_microsoft.windows.common-controls_6595b64144ccf1df_6.0.19041.1110_none_60b5254171f9507e;C:\Users\Win10\AppData\Local\JetBrains\IntelliJ IDEA Community Edition 2022.2.2\jbr\bin\server

VM Arguments:
java_command: git4idea.http.GitAskPassApp Username for 'https://github.com': 
java_class_path (initial): C:/Users/Win10/AppData/Local/JetBrains/IntelliJ IDEA Community Edition 2022.2.2/plugins/git4idea/lib/git4idea-rt.jar;C:/Users/Win10/AppData/Local/JetBrains/IntelliJ IDEA Community Edition 2022.2.2/lib/externalProcess-rt.jar;C:/Users/Win10/AppData/Local/JetBrains/IntelliJ IDEA Community Edition 2022.2.2/lib/app.jar;C:/Users/Win10/AppData/Local/JetBrains/IntelliJ IDEA Community Edition 2022.2.2/lib/3rd-party-rt.jar
Launcher Type: SUN_STANDARD

[Global flags]
     intx CICompilerCount                          = 4                                         {product} {ergonomic}
     uint ConcGCThreads                            = 2                                         {product} {ergonomic}
     uint G1ConcRefinementThreads                  = 8                                         {product} {ergonomic}
   size_t G1HeapRegionSize                         = 1048576                                   {product} {ergonomic}
    uintx GCDrainStackTargetSize                   = 64                                        {product} {ergonomic}
   size_t InitialHeapSize                          = 132120576                                 {product} {ergonomic}
   size_t MarkStackSize                            = 4194304                                   {product} {ergonomic}
   size_t MaxHeapSize                              = 2095054848                                {product} {ergonomic}
   size_t MinHeapDeltaBytes                        = 1048576                                   {product} {ergonomic}
   size_t MinHeapSize                              = 8388608                                   {product} {ergonomic}
    uintx NonNMethodCodeHeapSize                   = 5839372                                {pd product} {ergonomic}
    uintx NonProfiledCodeHeapSize                  = 122909434                              {pd product} {ergonomic}
    uintx ProfiledCodeHeapSize                     = 122909434                              {pd product} {ergonomic}
    uintx ReservedCodeCacheSize                    = 251658240                              {pd product} {ergonomic}
     bool SegmentedCodeCache                       = true                                      {product} {ergonomic}
   size_t SoftMaxHeapSize                          = 2095054848                             {manageable} {ergonomic}
     bool UseCompressedClassPointers               = true                           {product lp64_product} {ergonomic}
     bool UseCompressedOops                        = true                           {product lp64_product} {ergonomic}
     bool UseG1GC                                  = true                                      {product} {ergonomic}
     bool UseLargePagesIndividualAllocation        = false                                  {pd product} {ergonomic}

Logging:
Log output configuration:
 #0: stdout all=warning uptime,level,tags
 #1: stderr all=off uptime,level,tags

Environment Variables:
PATH=C:\Program Files\Git\mingw64\libexec\git-core;C:\Program Files\Git\mingw64\libexec\git-core;C:\Program Files\Git\mingw64\bin;C:\Program Files\Git\usr\bin;C:\Users\Win10\bin;C:\Python311\Scripts;C:\Python311;C:\WINDOWS\system32;C:\WINDOWS;C:\WINDOWS\System32\Wbem;C:\WINDOWS\System32\WindowsPowerShell\v1.0;C:\WINDOWS\System32\OpenSSH;C:\Program Files\Git\cmd;C:\Program Files\nodejs;C:\ProgramData\chocolatey\bin;C:\Users\Win10\AppData\Local\Microsoft\WindowsApps;C:\Users\Win10\AppData\Local\Programs\Microsoft VS Code\bin;C:\Users\Win10\AppData\Roaming\npm
USERNAME=Win10
DISPLAY=:0.0
LC_ALL=en_US.UTF-8
TERM=cygwin
TMPDIR=C:\Users\Win10\AppData\Local\Temp
OS=Windows_NT
PROCESSOR_IDENTIFIER=Intel64 Family 6 Model 140 Stepping 1, GenuineIntel
TMP=C:\Users\Win10\AppData\Local\Temp
TEMP=C:\Users\Win10\AppData\Local\Temp



---------------  S Y S T E M  ---------------

OS:
 Windows 10 , 64 bit Build 19041 (10.0.19041.2364)
OS uptime: 31 days 9:41 hours

CPU: total 8 (initial active 8) (4 cores per cpu, 2 threads per core) family 6 model 140 stepping 1 microcode 0x8a, cx8, cmov, fxsr, ht, mmx, 3dnowpref, sse, sse2, sse3, ssse3, sse4.1, sse4.2, popcnt, lzcnt, tsc, tscinvbit, avx, avx2, aes, erms, clmul, bmi1, bmi2, adx, avx512f, avx512dq, avx512cd, avx512bw, avx512vl, sha, fma, vzeroupper, avx512_vpopcntdq, avx512_vpclmulqdq, avx512_vaes, avx512_vnni, clflush, clflushopt, clwb, avx512_vbmi2, avx512_vbmi

Memory: 4k page, system-wide physical 7991M (528M free)
TotalPageFile size 32567M (AvailPageFile size 52M)
current process WorkingSet (physical memory assigned to process): 10M, peak: 10M
current process commit charge ("private bytes"): 60M, peak: 186M

vm_info: OpenJDK 64-Bit Server VM (17.0.4+7-b469.53) for windows-amd64 JRE (17.0.4+7-b469.53), built on 2022-08-29 by "builduser" with MS VC++ 16.10 / 16.11 (VS2019)

END.
